2025-06-01 17:03:01 [main] INFO  c.p.pfinder.PfinderApplication - Starting PfinderApplication using Java 23.0.2 with PID 86529 (/Users/fabianiancu/Desktop/proiect pw/pfinder/target/classes started by fabianiancu in /Users/fabianiancu/Desktop/proiect pw)
2025-06-01 17:03:01 [main] INFO  c.p.pfinder.PfinderApplication - No active profile set, falling back to 1 default profile: "default"
2025-06-01 17:03:02 [main] INFO  o.s.d.r.c.RepositoryConfigurationDelegate - Bootstrapping Spring Data JPA repositories in DEFAULT mode.
2025-06-01 17:03:02 [main] INFO  o.s.d.r.c.RepositoryConfigurationDelegate - Finished Spring Data repository scanning in 20 ms. Found 3 JPA repository interfaces.
2025-06-01 17:03:02 [main] INFO  o.s.b.w.e.tomcat.TomcatWebServer - Tomcat initialized with port 8080 (http)
2025-06-01 17:03:02 [main] INFO  o.a.catalina.core.StandardService - Starting service [Tomcat]
2025-06-01 17:03:02 [main] INFO  o.a.catalina.core.StandardEngine - Starting Servlet engine: [Apache Tomcat/10.1.19]
2025-06-01 17:03:02 [main] INFO  o.a.c.c.C.[Tomcat].[localhost].[/] - Initializing Spring embedded WebApplicationContext
2025-06-01 17:03:02 [main] INFO  o.s.b.w.s.c.ServletWebServerApplicationContext - Root WebApplicationContext: initialization completed in 669 ms
2025-06-01 17:03:02 [main] INFO  o.h.jpa.internal.util.LogHelper - HHH000204: Processing PersistenceUnitInfo [name: default]
2025-06-01 17:03:02 [main] INFO  org.hibernate.Version - HHH000412: Hibernate ORM core version 6.4.4.Final
2025-06-01 17:03:02 [main] INFO  o.h.c.i.RegionFactoryInitiator - HHH000026: Second-level cache disabled
2025-06-01 17:03:02 [main] INFO  o.s.o.j.p.SpringPersistenceUnitInfo - No LoadTimeWeaver setup: ignoring JPA class transformer
2025-06-01 17:03:02 [main] INFO  com.zaxxer.hikari.HikariDataSource - HikariPool-1 - Starting...
2025-06-01 17:03:02 [main] INFO  com.zaxxer.hikari.pool.HikariPool - HikariPool-1 - Added connection com.mysql.cj.jdbc.ConnectionImpl@3c4ad54
2025-06-01 17:03:02 [main] INFO  com.zaxxer.hikari.HikariDataSource - HikariPool-1 - Start completed.
2025-06-01 17:03:02 [main] WARN  org.hibernate.orm.deprecation - HHH90000025: MySQLDialect does not need to be specified explicitly using 'hibernate.dialect' (remove the property setting and it will be selected by default)
2025-06-01 17:03:03 [main] INFO  o.h.e.t.j.p.i.JtaPlatformInitiator - HHH000489: No JTA platform available (set 'hibernate.transaction.jta.platform' to enable JTA platform integration)
2025-06-01 17:03:03 [main] INFO  o.s.o.j.LocalContainerEntityManagerFactoryBean - Initialized JPA EntityManagerFactory for persistence unit 'default'
2025-06-01 17:03:03 [main] INFO  o.s.d.j.r.query.QueryEnhancerFactory - Hibernate is in classpath; If applicable, HQL parser will be used.
2025-06-01 17:03:03 [main] WARN  o.s.b.a.o.j.JpaBaseConfiguration$JpaWebConfiguration - spring.jpa.open-in-view is enabled by default. Therefore, database queries may be performed during view rendering. Explicitly configure spring.jpa.open-in-view to disable this warning
2025-06-01 17:03:03 [main] INFO  o.s.b.a.e.web.EndpointLinksResolver - Exposing 1 endpoint(s) beneath base path '/actuator'
2025-06-01 17:03:03 [main] INFO  o.s.s.web.DefaultSecurityFilterChain - Will secure any request with [org.springframework.security.web.session.DisableEncodeUrlFilter@5d77efc8, org.springframework.security.web.context.request.async.WebAsyncManagerIntegrationFilter@d6ff21e, org.springframework.security.web.context.SecurityContextHolderFilter@707004b6, org.springframework.security.web.header.HeaderWriterFilter@32ca397b, org.springframework.web.filter.CorsFilter@510d6e38, org.springframework.security.web.authentication.logout.LogoutFilter@4f141a7, org.springframework.security.web.authentication.UsernamePasswordAuthenticationFilter@3cb303d9, org.springframework.security.web.savedrequest.RequestCacheAwareFilter@11c94cf7, org.springframework.security.web.servletapi.SecurityContextHolderAwareRequestFilter@3fbf4614, org.springframework.security.web.authentication.AnonymousAuthenticationFilter@627ed93a, org.springframework.security.web.session.SessionManagementFilter@2183db30, org.springframework.security.web.access.ExceptionTranslationFilter@7ba8b91c, org.springframework.security.web.access.intercept.AuthorizationFilter@78c7a736]
2025-06-01 17:03:04 [main] INFO  o.s.b.w.e.tomcat.TomcatWebServer - Tomcat started on port 8080 (http) with context path ''
2025-06-01 17:03:04 [main] INFO  c.p.pfinder.PfinderApplication - Started PfinderApplication in 2.387 seconds (process running for 2.672)
2025-06-01 17:03:04 [main] INFO  c.p.pfinder.config.DataInitializer - Found 6 existing pets in the database
2025-06-01 17:03:05 [RMI TCP Connection(2)-127.0.0.1] INFO  o.a.c.c.C.[Tomcat].[localhost].[/] - Initializing Spring DispatcherServlet 'dispatcherServlet'
2025-06-01 17:03:05 [RMI TCP Connection(2)-127.0.0.1] INFO  o.s.web.servlet.DispatcherServlet - Initializing Servlet 'dispatcherServlet'
2025-06-01 17:03:05 [RMI TCP Connection(2)-127.0.0.1] INFO  o.s.web.servlet.DispatcherServlet - Completed initialization in 0 ms
2025-06-01 17:03:09 [http-nio-8080-exec-2] WARN  o.t.s.p.AbstractStandardFragmentInsertionTagProcessor - [THYMELEAF][http-nio-8080-exec-2][auth/login] Deprecated unwrapped fragment expression "layout/main :: head" found in template auth/login, line 3, col 7. Please use the complete syntax of fragment expressions instead ("~{layout/main :: head}"). The old, unwrapped syntax for fragment expressions will be removed in future versions of Thymeleaf.
2025-06-01 17:03:10 [http-nio-8080-exec-6] WARN  o.t.s.p.AbstractStandardFragmentInsertionTagProcessor - [THYMELEAF][http-nio-8080-exec-6][auth/login] Deprecated unwrapped fragment expression "layout/main :: head" found in template auth/login, line 3, col 7. Please use the complete syntax of fragment expressions instead ("~{layout/main :: head}"). The old, unwrapped syntax for fragment expressions will be removed in future versions of Thymeleaf.
2025-06-01 17:03:10 [http-nio-8080-exec-7] WARN  o.t.s.p.AbstractStandardFragmentInsertionTagProcessor - [THYMELEAF][http-nio-8080-exec-7][auth/login] Deprecated unwrapped fragment expression "layout/main :: head" found in template auth/login, line 3, col 7. Please use the complete syntax of fragment expressions instead ("~{layout/main :: head}"). The old, unwrapped syntax for fragment expressions will be removed in future versions of Thymeleaf.
2025-06-01 17:03:10 [http-nio-8080-exec-1] WARN  o.t.s.p.AbstractStandardFragmentInsertionTagProcessor - [THYMELEAF][http-nio-8080-exec-1][auth/login] Deprecated unwrapped fragment expression "layout/main :: head" found in template auth/login, line 3, col 7. Please use the complete syntax of fragment expressions instead ("~{layout/main :: head}"). The old, unwrapped syntax for fragment expressions will be removed in future versions of Thymeleaf.
2025-06-01 17:03:10 [http-nio-8080-exec-2] WARN  o.t.s.p.AbstractStandardFragmentInsertionTagProcessor - [THYMELEAF][http-nio-8080-exec-2][auth/login] Deprecated unwrapped fragment expression "layout/main :: head" found in template auth/login, line 3, col 7. Please use the complete syntax of fragment expressions instead ("~{layout/main :: head}"). The old, unwrapped syntax for fragment expressions will be removed in future versions of Thymeleaf.
2025-06-01 17:03:10 [http-nio-8080-exec-6] WARN  o.t.s.p.AbstractStandardFragmentInsertionTagProcessor - [THYMELEAF][http-nio-8080-exec-6][auth/login] Deprecated unwrapped fragment expression "layout/main :: head" found in template auth/login, line 3, col 7. Please use the complete syntax of fragment expressions instead ("~{layout/main :: head}"). The old, unwrapped syntax for fragment expressions will be removed in future versions of Thymeleaf.
2025-06-01 17:03:25 [http-nio-8080-exec-9] INFO  c.p.p.c.NotificationController - Fetching notifications for user: dada@gmail
2025-06-01 17:03:25 [http-nio-8080-exec-9] INFO  c.p.p.service.NotificationService - Getting notifications for user ID: 15
2025-06-01 17:03:25 [http-nio-8080-exec-9] INFO  c.p.p.service.NotificationService - Found 1 right swipes for user's pets
2025-06-01 17:03:25 [http-nio-8080-exec-9] INFO  c.p.p.service.NotificationService - Added notification for pet: gigel from user: gaga@gmail
2025-06-01 17:03:25 [http-nio-8080-exec-9] INFO  c.p.p.c.NotificationController - Found 1 notifications for user: dada@gmail
2025-06-01 17:03:31 [http-nio-8080-exec-2] INFO  c.p.p.c.NotificationController - Fetching notifications for user: dada@gmail
2025-06-01 17:03:31 [http-nio-8080-exec-2] INFO  c.p.p.service.NotificationService - Getting notifications for user ID: 15
2025-06-01 17:03:31 [http-nio-8080-exec-2] INFO  c.p.p.service.NotificationService - Found 1 right swipes for user's pets
2025-06-01 17:03:31 [http-nio-8080-exec-2] INFO  c.p.p.service.NotificationService - Added notification for pet: gigel from user: gaga@gmail
2025-06-01 17:03:31 [http-nio-8080-exec-2] INFO  c.p.p.c.NotificationController - Found 1 notifications for user: dada@gmail
2025-06-01 17:03:38 [http-nio-8080-exec-3] INFO  c.p.p.c.NotificationController - Fetching notifications for user: dada@gmail
2025-06-01 17:03:38 [http-nio-8080-exec-3] INFO  c.p.p.service.NotificationService - Getting notifications for user ID: 15
2025-06-01 17:03:38 [http-nio-8080-exec-3] INFO  c.p.p.service.NotificationService - Found 1 right swipes for user's pets
2025-06-01 17:03:38 [http-nio-8080-exec-3] INFO  c.p.p.service.NotificationService - Added notification for pet: gigel from user: gaga@gmail
2025-06-01 17:03:38 [http-nio-8080-exec-3] INFO  c.p.p.c.NotificationController - Found 1 notifications for user: dada@gmail
2025-06-01 17:03:42 [http-nio-8080-exec-7] INFO  c.p.p.c.NotificationController - Fetching notifications for user: dada@gmail
2025-06-01 17:03:42 [http-nio-8080-exec-7] INFO  c.p.p.service.NotificationService - Getting notifications for user ID: 15
2025-06-01 17:03:42 [http-nio-8080-exec-7] INFO  c.p.p.service.NotificationService - Found 1 right swipes for user's pets
2025-06-01 17:03:42 [http-nio-8080-exec-7] INFO  c.p.p.service.NotificationService - Added notification for pet: gigel from user: gaga@gmail
2025-06-01 17:03:42 [http-nio-8080-exec-7] INFO  c.p.p.c.NotificationController - Found 1 notifications for user: dada@gmail
2025-06-01 17:03:47 [http-nio-8080-exec-1] INFO  c.p.p.c.NotificationController - Fetching notifications for user: dada@gmail
2025-06-01 17:03:47 [http-nio-8080-exec-1] INFO  c.p.p.service.NotificationService - Getting notifications for user ID: 15
2025-06-01 17:03:47 [http-nio-8080-exec-1] INFO  c.p.p.service.NotificationService - Found 1 right swipes for user's pets
2025-06-01 17:03:47 [http-nio-8080-exec-1] INFO  c.p.p.service.NotificationService - Added notification for pet: gigel from user: gaga@gmail
2025-06-01 17:03:47 [http-nio-8080-exec-1] INFO  c.p.p.c.NotificationController - Found 1 notifications for user: dada@gmail
2025-06-01 17:03:48 [http-nio-8080-exec-5] INFO  c.p.p.c.NotificationController - Fetching notifications for user: dada@gmail
2025-06-01 17:03:48 [http-nio-8080-exec-5] INFO  c.p.p.service.NotificationService - Getting notifications for user ID: 15
2025-06-01 17:03:48 [http-nio-8080-exec-5] INFO  c.p.p.service.NotificationService - Found 1 right swipes for user's pets
2025-06-01 17:03:48 [http-nio-8080-exec-5] INFO  c.p.p.service.NotificationService - Added notification for pet: gigel from user: gaga@gmail
2025-06-01 17:03:48 [http-nio-8080-exec-5] INFO  c.p.p.c.NotificationController - Found 1 notifications for user: dada@gmail
2025-06-01 17:03:50 [http-nio-8080-exec-10] INFO  c.p.p.c.NotificationController - Fetching notifications for user: dada@gmail
2025-06-01 17:03:50 [http-nio-8080-exec-10] INFO  c.p.p.service.NotificationService - Getting notifications for user ID: 15
2025-06-01 17:03:50 [http-nio-8080-exec-10] INFO  c.p.p.service.NotificationService - Found 1 right swipes for user's pets
2025-06-01 17:03:50 [http-nio-8080-exec-10] INFO  c.p.p.service.NotificationService - Added notification for pet: gigel from user: gaga@gmail
2025-06-01 17:03:50 [http-nio-8080-exec-10] INFO  c.p.p.c.NotificationController - Found 1 notifications for user: dada@gmail
2025-06-01 17:03:54 [http-nio-8080-exec-5] INFO  c.p.p.c.NotificationController - Fetching notifications for user: dada@gmail
2025-06-01 17:03:54 [http-nio-8080-exec-5] INFO  c.p.p.service.NotificationService - Getting notifications for user ID: 15
2025-06-01 17:03:54 [http-nio-8080-exec-5] INFO  c.p.p.service.NotificationService - Found 1 right swipes for user's pets
2025-06-01 17:03:54 [http-nio-8080-exec-5] INFO  c.p.p.service.NotificationService - Added notification for pet: gigel from user: gaga@gmail
2025-06-01 17:03:54 [http-nio-8080-exec-5] INFO  c.p.p.c.NotificationController - Found 1 notifications for user: dada@gmail
2025-06-01 17:03:55 [http-nio-8080-exec-10] INFO  c.p.p.c.NotificationController - Fetching notifications for user: dada@gmail
2025-06-01 17:03:55 [http-nio-8080-exec-10] INFO  c.p.p.service.NotificationService - Getting notifications for user ID: 15
2025-06-01 17:03:55 [http-nio-8080-exec-10] INFO  c.p.p.service.NotificationService - Found 1 right swipes for user's pets
2025-06-01 17:03:55 [http-nio-8080-exec-10] INFO  c.p.p.service.NotificationService - Added notification for pet: gigel from user: gaga@gmail
2025-06-01 17:03:55 [http-nio-8080-exec-10] INFO  c.p.p.c.NotificationController - Found 1 notifications for user: dada@gmail
2025-06-01 17:03:57 [http-nio-8080-exec-3] INFO  c.p.p.c.NotificationController - Fetching notifications for user: dada@gmail
2025-06-01 17:03:57 [http-nio-8080-exec-3] INFO  c.p.p.service.NotificationService - Getting notifications for user ID: 15
2025-06-01 17:03:57 [http-nio-8080-exec-3] INFO  c.p.p.service.NotificationService - Found 1 right swipes for user's pets
2025-06-01 17:03:57 [http-nio-8080-exec-3] INFO  c.p.p.service.NotificationService - Added notification for pet: gigel from user: gaga@gmail
2025-06-01 17:03:57 [http-nio-8080-exec-3] INFO  c.p.p.c.NotificationController - Found 1 notifications for user: dada@gmail
2025-06-01 17:04:04 [http-nio-8080-exec-9] INFO  c.p.p.c.NotificationController - Fetching notifications for user: dada@gmail
2025-06-01 17:04:04 [http-nio-8080-exec-9] INFO  c.p.p.service.NotificationService - Getting notifications for user ID: 15
2025-06-01 17:04:04 [http-nio-8080-exec-9] INFO  c.p.p.service.NotificationService - Found 1 right swipes for user's pets
2025-06-01 17:04:04 [http-nio-8080-exec-9] INFO  c.p.p.service.NotificationService - Added notification for pet: gigel from user: gaga@gmail
2025-06-01 17:04:04 [http-nio-8080-exec-9] INFO  c.p.p.c.NotificationController - Found 1 notifications for user: dada@gmail
2025-06-01 17:04:06 [http-nio-8080-exec-8] WARN  o.t.s.p.AbstractStandardFragmentInsertionTagProcessor - [THYMELEAF][http-nio-8080-exec-8][auth/login] Deprecated unwrapped fragment expression "layout/main :: head" found in template auth/login, line 3, col 7. Please use the complete syntax of fragment expressions instead ("~{layout/main :: head}"). The old, unwrapped syntax for fragment expressions will be removed in future versions of Thymeleaf.
2025-06-01 17:04:07 [http-nio-8080-exec-6] WARN  o.t.s.p.AbstractStandardFragmentInsertionTagProcessor - [THYMELEAF][http-nio-8080-exec-6][auth/login] Deprecated unwrapped fragment expression "layout/main :: head" found in template auth/login, line 3, col 7. Please use the complete syntax of fragment expressions instead ("~{layout/main :: head}"). The old, unwrapped syntax for fragment expressions will be removed in future versions of Thymeleaf.
2025-06-01 17:04:13 [http-nio-8080-exec-4] INFO  c.p.p.c.NotificationController - Fetching notifications for user: dada@gmail
2025-06-01 17:04:13 [http-nio-8080-exec-4] INFO  c.p.p.service.NotificationService - Getting notifications for user ID: 15
2025-06-01 17:04:13 [http-nio-8080-exec-4] INFO  c.p.p.service.NotificationService - Found 1 right swipes for user's pets
2025-06-01 17:04:13 [http-nio-8080-exec-4] INFO  c.p.p.service.NotificationService - Added notification for pet: gigel from user: gaga@gmail
2025-06-01 17:04:13 [http-nio-8080-exec-4] INFO  c.p.p.c.NotificationController - Found 1 notifications for user: dada@gmail
2025-06-01 17:04:18 [http-nio-8080-exec-8] INFO  c.p.p.c.NotificationController - Fetching notifications for user: dada@gmail
2025-06-01 17:04:18 [http-nio-8080-exec-8] INFO  c.p.p.service.NotificationService - Getting notifications for user ID: 15
2025-06-01 17:04:18 [http-nio-8080-exec-8] INFO  c.p.p.service.NotificationService - Found 1 right swipes for user's pets
2025-06-01 17:04:18 [http-nio-8080-exec-8] INFO  c.p.p.service.NotificationService - Added notification for pet: gigel from user: gaga@gmail
2025-06-01 17:04:18 [http-nio-8080-exec-8] INFO  c.p.p.c.NotificationController - Found 1 notifications for user: dada@gmail
2025-06-01 17:04:48 [http-nio-8080-exec-2] INFO  c.p.p.c.NotificationController - Fetching notifications for user: dada@gmail
2025-06-01 17:04:48 [http-nio-8080-exec-2] INFO  c.p.p.service.NotificationService - Getting notifications for user ID: 15
2025-06-01 17:04:48 [http-nio-8080-exec-2] INFO  c.p.p.service.NotificationService - Found 1 right swipes for user's pets
2025-06-01 17:04:48 [http-nio-8080-exec-2] INFO  c.p.p.service.NotificationService - Added notification for pet: gigel from user: gaga@gmail
2025-06-01 17:04:48 [http-nio-8080-exec-2] INFO  c.p.p.c.NotificationController - Found 1 notifications for user: dada@gmail
2025-06-01 17:04:51 [http-nio-8080-exec-3] INFO  c.p.p.c.NotificationController - Fetching notifications for user: dada@gmail
2025-06-01 17:04:51 [http-nio-8080-exec-3] INFO  c.p.p.service.NotificationService - Getting notifications for user ID: 15
2025-06-01 17:04:51 [http-nio-8080-exec-3] INFO  c.p.p.service.NotificationService - Found 1 right swipes for user's pets
2025-06-01 17:04:51 [http-nio-8080-exec-3] INFO  c.p.p.service.NotificationService - Added notification for pet: gigel from user: gaga@gmail
2025-06-01 17:04:51 [http-nio-8080-exec-3] INFO  c.p.p.c.NotificationController - Found 1 notifications for user: dada@gmail
2025-06-01 17:04:52 [http-nio-8080-exec-6] INFO  c.p.p.c.NotificationController - Fetching notifications for user: dada@gmail
2025-06-01 17:04:52 [http-nio-8080-exec-6] INFO  c.p.p.service.NotificationService - Getting notifications for user ID: 15
2025-06-01 17:04:52 [http-nio-8080-exec-6] INFO  c.p.p.service.NotificationService - Found 1 right swipes for user's pets
2025-06-01 17:04:52 [http-nio-8080-exec-6] INFO  c.p.p.service.NotificationService - Added notification for pet: gigel from user: gaga@gmail
2025-06-01 17:04:52 [http-nio-8080-exec-6] INFO  c.p.p.c.NotificationController - Found 1 notifications for user: dada@gmail
2025-06-01 17:04:53 [http-nio-8080-exec-9] INFO  c.p.p.c.NotificationController - Fetching notifications for user: dada@gmail
2025-06-01 17:04:53 [http-nio-8080-exec-9] INFO  c.p.p.service.NotificationService - Getting notifications for user ID: 15
2025-06-01 17:04:53 [http-nio-8080-exec-9] INFO  c.p.p.service.NotificationService - Found 1 right swipes for user's pets
2025-06-01 17:04:53 [http-nio-8080-exec-9] INFO  c.p.p.service.NotificationService - Added notification for pet: gigel from user: gaga@gmail
2025-06-01 17:04:53 [http-nio-8080-exec-9] INFO  c.p.p.c.NotificationController - Found 1 notifications for user: dada@gmail
2025-06-01 17:04:54 [http-nio-8080-exec-2] INFO  c.p.p.c.NotificationController - Fetching notifications for user: dada@gmail
2025-06-01 17:04:54 [http-nio-8080-exec-2] INFO  c.p.p.service.NotificationService - Getting notifications for user ID: 15
2025-06-01 17:04:54 [http-nio-8080-exec-2] INFO  c.p.p.service.NotificationService - Found 1 right swipes for user's pets
2025-06-01 17:04:54 [http-nio-8080-exec-2] INFO  c.p.p.service.NotificationService - Added notification for pet: gigel from user: gaga@gmail
2025-06-01 17:04:54 [http-nio-8080-exec-2] INFO  c.p.p.c.NotificationController - Found 1 notifications for user: dada@gmail
2025-06-01 17:04:56 [http-nio-8080-exec-7] INFO  c.p.p.c.NotificationController - Fetching notifications for user: dada@gmail
2025-06-01 17:04:56 [http-nio-8080-exec-7] INFO  c.p.p.service.NotificationService - Getting notifications for user ID: 15
2025-06-01 17:04:56 [http-nio-8080-exec-7] INFO  c.p.p.service.NotificationService - Found 1 right swipes for user's pets
2025-06-01 17:04:56 [http-nio-8080-exec-7] INFO  c.p.p.service.NotificationService - Added notification for pet: gigel from user: gaga@gmail
2025-06-01 17:04:56 [http-nio-8080-exec-7] INFO  c.p.p.c.NotificationController - Found 1 notifications for user: dada@gmail
2025-06-01 17:04:57 [http-nio-8080-exec-4] INFO  c.p.p.c.NotificationController - Fetching notifications for user: dada@gmail
2025-06-01 17:04:57 [http-nio-8080-exec-4] INFO  c.p.p.service.NotificationService - Getting notifications for user ID: 15
2025-06-01 17:04:57 [http-nio-8080-exec-4] INFO  c.p.p.service.NotificationService - Found 1 right swipes for user's pets
2025-06-01 17:04:57 [http-nio-8080-exec-4] INFO  c.p.p.service.NotificationService - Added notification for pet: gigel from user: gaga@gmail
2025-06-01 17:04:57 [http-nio-8080-exec-4] INFO  c.p.p.c.NotificationController - Found 1 notifications for user: dada@gmail
2025-06-01 17:04:58 [http-nio-8080-exec-8] INFO  c.p.p.c.NotificationController - Fetching notifications for user: dada@gmail
2025-06-01 17:04:58 [http-nio-8080-exec-8] INFO  c.p.p.service.NotificationService - Getting notifications for user ID: 15
2025-06-01 17:04:58 [http-nio-8080-exec-8] INFO  c.p.p.service.NotificationService - Found 1 right swipes for user's pets
2025-06-01 17:04:58 [http-nio-8080-exec-8] INFO  c.p.p.service.NotificationService - Added notification for pet: gigel from user: gaga@gmail
2025-06-01 17:04:58 [http-nio-8080-exec-8] INFO  c.p.p.c.NotificationController - Found 1 notifications for user: dada@gmail
2025-06-01 17:04:59 [http-nio-8080-exec-5] INFO  c.p.p.c.NotificationController - Fetching notifications for user: dada@gmail
2025-06-01 17:04:59 [http-nio-8080-exec-5] INFO  c.p.p.service.NotificationService - Getting notifications for user ID: 15
2025-06-01 17:04:59 [http-nio-8080-exec-5] INFO  c.p.p.service.NotificationService - Found 1 right swipes for user's pets
2025-06-01 17:04:59 [http-nio-8080-exec-5] INFO  c.p.p.service.NotificationService - Added notification for pet: gigel from user: gaga@gmail
2025-06-01 17:04:59 [http-nio-8080-exec-5] INFO  c.p.p.c.NotificationController - Found 1 notifications for user: dada@gmail
2025-06-01 17:05:07 [http-nio-8080-exec-2] INFO  c.p.p.c.NotificationController - Fetching notifications for user: dada@gmail
2025-06-01 17:05:07 [http-nio-8080-exec-2] INFO  c.p.p.service.NotificationService - Getting notifications for user ID: 15
2025-06-01 17:05:07 [http-nio-8080-exec-2] INFO  c.p.p.service.NotificationService - Found 1 right swipes for user's pets
2025-06-01 17:05:07 [http-nio-8080-exec-2] INFO  c.p.p.service.NotificationService - Added notification for pet: gigel from user: gaga@gmail
2025-06-01 17:05:07 [http-nio-8080-exec-2] INFO  c.p.p.c.NotificationController - Found 1 notifications for user: dada@gmail
2025-06-01 17:05:16 [http-nio-8080-exec-4] INFO  c.p.p.c.NotificationController - Fetching notifications for user: dada@gmail
2025-06-01 17:05:16 [http-nio-8080-exec-4] INFO  c.p.p.service.NotificationService - Getting notifications for user ID: 15
2025-06-01 17:05:16 [http-nio-8080-exec-4] INFO  c.p.p.service.NotificationService - Found 1 right swipes for user's pets
2025-06-01 17:05:16 [http-nio-8080-exec-4] INFO  c.p.p.service.NotificationService - Added notification for pet: gigel from user: gaga@gmail
2025-06-01 17:05:16 [http-nio-8080-exec-4] INFO  c.p.p.c.NotificationController - Found 1 notifications for user: dada@gmail
2025-06-01 17:05:21 [http-nio-8080-exec-9] INFO  c.p.p.c.NotificationController - Fetching notifications for user: dada@gmail
2025-06-01 17:05:21 [http-nio-8080-exec-9] INFO  c.p.p.service.NotificationService - Getting notifications for user ID: 15
2025-06-01 17:05:21 [http-nio-8080-exec-9] INFO  c.p.p.service.NotificationService - Found 1 right swipes for user's pets
2025-06-01 17:05:21 [http-nio-8080-exec-9] INFO  c.p.p.service.NotificationService - Added notification for pet: gigel from user: gaga@gmail
2025-06-01 17:05:21 [http-nio-8080-exec-9] INFO  c.p.p.c.NotificationController - Found 1 notifications for user: dada@gmail
2025-06-01 17:05:24 [http-nio-8080-exec-10] INFO  c.p.p.c.NotificationController - Fetching notifications for user: dada@gmail
2025-06-01 17:05:24 [http-nio-8080-exec-10] INFO  c.p.p.service.NotificationService - Getting notifications for user ID: 15
2025-06-01 17:05:24 [http-nio-8080-exec-10] INFO  c.p.p.service.NotificationService - Found 1 right swipes for user's pets
2025-06-01 17:05:24 [http-nio-8080-exec-10] INFO  c.p.p.service.NotificationService - Added notification for pet: gigel from user: gaga@gmail
2025-06-01 17:05:24 [http-nio-8080-exec-10] INFO  c.p.p.c.NotificationController - Found 1 notifications for user: dada@gmail
2025-06-01 17:05:27 [http-nio-8080-exec-6] INFO  c.p.p.c.NotificationController - Fetching notifications for user: dada@gmail
2025-06-01 17:05:27 [http-nio-8080-exec-6] INFO  c.p.p.service.NotificationService - Getting notifications for user ID: 15
2025-06-01 17:05:27 [http-nio-8080-exec-6] INFO  c.p.p.service.NotificationService - Found 1 right swipes for user's pets
2025-06-01 17:05:27 [http-nio-8080-exec-6] INFO  c.p.p.service.NotificationService - Added notification for pet: gigel from user: gaga@gmail
2025-06-01 17:05:27 [http-nio-8080-exec-6] INFO  c.p.p.c.NotificationController - Found 1 notifications for user: dada@gmail
